◇ injected env (9) from .env // tip: ⌘ enable debugging { debug: true }
Little Dalat Bot started as @littledalatbot
Shop: 02 Thi Sách, Phước Hòa, Nha Trang
Delivery radius: 8km
D:\AI-PROJECTS\little-dalat-telegram-bot\node_modules\grammy\out\core\error.js:47
    return new GrammyError(`Call to '${method}' failed!`, err, method, payload);
           ^

GrammyError: Call to 'getUpdates' failed! (409: Conflict: terminated by other getUpdates request; make sure that only one bot instance is running)
    at toGrammyError (D:\AI-PROJECTS\little-dalat-telegram-bot\node_modules\grammy\out\core\error.js:47:12)
    at ApiClient.callApi (D:\AI-PROJECTS\little-dalat-telegram-bot\node_modules\grammy\out\core\client.js:100:48)
    at process.processTicksAndRejections (node:internal/process/task_queues:105:5)
    at async Bot.fetchUpdates (D:\AI-PROJECTS\little-dalat-telegram-bot\node_modules\grammy\out\bot.js:425:27)
    at async Bot.loop (D:\AI-PROJECTS\little-dalat-telegram-bot\node_modules\grammy\out\bot.js:396:33)
    at async Bot.start (D:\AI-PROJECTS\little-dalat-telegram-bot\node_modules\grammy\out\bot.js:317:9) {
  method: 'getUpdates',
  payload: { offset: 1, limit: undefined, timeout: 30, allowed_updates: [] },
  ok: false,
  error_code: 409,
  description: 'Conflict: terminated by other getUpdates request; make sure that only one bot instance is running',
  parameters: {}
}

Node.js v24.8.0
